2016-05-13 22:28:39 INFO  MLog:92 - MLog clients using log4j logging.
2016-05-13 22:28:39 INFO  C3P0Registry:216 - Initializing c3p0-0.9.2.1 [built 20-March-2013 10:47:27 +0000; debug? true; trace: 10]
2016-05-13 22:28:39 INFO  LogHelper:46 - HHH000204: Processing PersistenceUnitInfo [
	name: default
	...]
2016-05-13 22:28:39 INFO  Version:54 - HHH000412: Hibernate Core {4.3.0.Final}
2016-05-13 22:28:39 INFO  Environment:239 - HHH000206: hibernate.properties not found
2016-05-13 22:28:39 INFO  Environment:346 - HHH000021: Bytecode provider name : javassist
2016-05-13 22:28:40 INFO  Version:66 - HCANN000001: Hibernate Commons Annotations {4.0.4.Final}
2016-05-13 22:28:40 INFO  AbstractPoolBackedDataSource:522 - Initializing c3p0 pool... com.mchange.v2.c3p0.ComboPooledDataSource [ acquireIncrement -> 3, acquireRetryAttempts -> 30, acquireRetryDelay -> 1000, autoCommitOnClose -> false, automaticTestTable -> null, breakAfterAcquireFailure -> false, checkoutTimeout -> 0, connectionCustomizerClassName -> null, connectionTesterClassName -> com.mchange.v2.c3p0.impl.DefaultConnectionTester, dataSourceName -> 1hge13e9g1blzi9ejdxfzz|1f02136, debugUnreturnedConnectionStackTraces -> false, description -> null, driverClass -> org.postgresql.Driver, factoryClassLocation -> null, forceIgnoreUnresolvedTransactions -> false, identityToken -> 1hge13e9g1blzi9ejdxfzz|1f02136, idleConnectionTestPeriod -> 0, initialPoolSize -> 3, jdbcUrl -> jdbc:postgresql://localhost:5432/transcompany, maxAdministrativeTaskTime -> 0, maxConnectionAge -> 0, maxIdleTime -> 0, maxIdleTimeExcessConnections -> 0, maxPoolSize -> 15, maxStatements -> 0, maxStatementsPerConnection -> 0, minPoolSize -> 3, numHelperThreads -> 3, preferredTestQuery -> null, properties -> {user=******, password=******}, propertyCycle -> 0, statementCacheNumDeferredCloseThreads -> 0, testConnectionOnCheckin -> false, testConnectionOnCheckout -> false, unreturnedConnectionTimeout -> 0, userOverrides -> {}, usesTraditionalReflectiveProxies -> false ]
2016-05-13 22:28:40 INFO  Dialect:145 - HHH000400: Using dialect: org.hibernate.dialect.PostgreSQL9Dialect
2016-05-13 22:28:40 INFO  LobCreatorBuilder:123 - HHH000424: Disabling contextual LOB creation as createClob() method threw error : java.lang.reflect.InvocationTargetException
2016-05-13 22:28:41 INFO  ASTQueryTranslatorFactory:47 - HHH000397: Using ASTQueryTranslatorFactory
2016-05-13 22:28:41 INFO  Version:17 - HV000001: Hibernate Validator 5.2.2.Final
2016-05-13 22:28:42 INFO  SchemaUpdate:182 - HHH000228: Running hbm2ddl schema update
2016-05-13 22:28:42 INFO  SchemaUpdate:193 - HHH000102: Fetching database metadata
2016-05-13 22:28:42 INFO  SchemaUpdate:205 - HHH000396: Updating schema
2016-05-13 22:28:42 INFO  TableMetadata:66 - HHH000261: Table found: public.users
2016-05-13 22:28:42 INFO  TableMetadata:67 - HHH000037: Columns: [password, id, login]
2016-05-13 22:28:42 INFO  TableMetadata:69 - HHH000108: Foreign keys: []
2016-05-13 22:28:42 INFO  TableMetadata:70 - HHH000126: Indexes: [users_login_uindex, users_pkey]
2016-05-13 22:28:42 INFO  TableMetadata:66 - HHH000261: Table found: public.applications
2016-05-13 22:28:42 INFO  TableMetadata:67 - HHH000037: Columns: [summ, name, description, id, customer_id]
2016-05-13 22:28:42 INFO  TableMetadata:69 - HHH000108: Foreign keys: [fk_l47tsj38rr2nge18ujo4mt3b3]
2016-05-13 22:28:42 INFO  TableMetadata:70 - HHH000126: Indexes: [applications_pkey]
2016-05-13 22:28:42 INFO  TableMetadata:66 - HHH000261: Table found: public.cars
2016-05-13 22:28:42 INFO  TableMetadata:67 - HHH000037: Columns: [year, model, run, id, state]
2016-05-13 22:28:42 INFO  TableMetadata:69 - HHH000108: Foreign keys: []
2016-05-13 22:28:42 INFO  TableMetadata:70 - HHH000126: Indexes: [cars_pkey]
2016-05-13 22:28:42 INFO  TableMetadata:66 - HHH000261: Table found: public.customers
2016-05-13 22:28:42 INFO  TableMetadata:67 - HHH000037: Columns: [tel_number, user_id, deals, name, id, lastname]
2016-05-13 22:28:42 INFO  TableMetadata:69 - HHH000108: Foreign keys: [customers_users_fk]
2016-05-13 22:28:42 INFO  TableMetadata:70 - HHH000126: Indexes: [customers_pkey]
2016-05-13 22:28:42 INFO  TableMetadata:66 - HHH000261: Table found: public.docs
2016-05-13 22:28:42 INFO  TableMetadata:67 - HHH000037: Columns: [name, link, id]
2016-05-13 22:28:42 INFO  TableMetadata:69 - HHH000108: Foreign keys: []
2016-05-13 22:28:42 INFO  TableMetadata:70 - HHH000126: Indexes: [docs_pkey]
2016-05-13 22:28:42 INFO  TableMetadata:66 - HHH000261: Table found: public.drivers
2016-05-13 22:28:42 INFO  TableMetadata:67 - HHH000037: Columns: [tel_number, driving_exp, salary_rate, user_id, last_name, id, first_name]
2016-05-13 22:28:42 INFO  TableMetadata:69 - HHH000108: Foreign keys: [drivers_users_fk]
2016-05-13 22:28:42 INFO  TableMetadata:70 - HHH000126: Indexes: [drivers_pkey, drivers_user_id_uindex]
2016-05-13 22:28:42 INFO  TableMetadata:66 - HHH000261: Table found: public.messages
2016-05-13 22:28:42 INFO  TableMetadata:67 - HHH000037: Columns: [name, id, message, email]
2016-05-13 22:28:42 INFO  TableMetadata:69 - HHH000108: Foreign keys: []
2016-05-13 22:28:42 INFO  TableMetadata:70 - HHH000126: Indexes: [messages_pkey]
2016-05-13 22:28:42 INFO  TableMetadata:66 - HHH000261: Table found: public.orders
2016-05-13 22:28:42 INFO  TableMetadata:67 - HHH000037: Columns: [driver_id, cost, description, id, customer_id, car_id, status]
2016-05-13 22:28:42 INFO  TableMetadata:69 - HHH000108: Foreign keys: [drivers___fk, cars___fk, customers___fk]
2016-05-13 22:28:42 INFO  TableMetadata:70 - HHH000126: Indexes: [orders_pkey]
2016-05-13 22:28:42 INFO  TableMetadata:66 - HHH000261: Table found: public.user_role
2016-05-13 22:28:42 INFO  TableMetadata:67 - HHH000037: Columns: [role, user_id, id]
2016-05-13 22:28:42 INFO  TableMetadata:69 - HHH000108: Foreign keys: [user_role_user_fk]
2016-05-13 22:28:42 INFO  TableMetadata:70 - HHH000126: Indexes: [user_role_pkey]
2016-05-13 22:28:42 INFO  SchemaUpdate:242 - HHH000232: Schema update complete
