2016-05-13 22:28:39 INFO  MLog:92 - MLog clients using log4j logging.
2016-05-13 22:28:39 INFO  C3P0Registry:216 - Initializing c3p0-0.9.2.1 [built 20-March-2013 10:47:27 +0000; debug? true; trace: 10]
2016-05-13 22:28:39 INFO  LogHelper:46 - HHH000204: Processing PersistenceUnitInfo [
	name: default
	...]
2016-05-13 22:28:39 INFO  Version:54 - HHH000412: Hibernate Core {4.3.0.Final}
2016-05-13 22:28:39 INFO  Environment:239 - HHH000206: hibernate.properties not found
2016-05-13 22:28:39 INFO  Environment:346 - HHH000021: Bytecode provider name : javassist
2016-05-13 22:28:40 INFO  Version:66 - HCANN000001: Hibernate Commons Annotations {4.0.4.Final}
2016-05-13 22:28:40 INFO  AbstractPoolBackedDataSource:522 - Initializing c3p0 pool... com.mchange.v2.c3p0.ComboPooledDataSource [ acquireIncrement -> 3, acquireRetryAttempts -> 30, acquireRetryDelay -> 1000, autoCommitOnClose -> false, automaticTestTable -> null, breakAfterAcquireFailure -> false, checkoutTimeout -> 0, connectionCustomizerClassName -> null, connectionTesterClassName -> com.mchange.v2.c3p0.impl.DefaultConnectionTester, dataSourceName -> 1hge13e9g1blzi9ejdxfzz|1f02136, debugUnreturnedConnectionStackTraces -> false, description -> null, driverClass -> org.postgresql.Driver, factoryClassLocation -> null, forceIgnoreUnresolvedTransactions -> false, identityToken -> 1hge13e9g1blzi9ejdxfzz|1f02136, idleConnectionTestPeriod -> 0, initialPoolSize -> 3, jdbcUrl -> jdbc:postgresql://localhost:5432/transcompany, maxAdministrativeTaskTime -> 0, maxConnectionAge -> 0, maxIdleTime -> 0, maxIdleTimeExcessConnections -> 0, maxPoolSize -> 15, maxStatements -> 0, maxStatementsPerConnection -> 0, minPoolSize -> 3, numHelperThreads -> 3, preferredTestQuery -> null, properties -> {user=******, password=******}, propertyCycle -> 0, statementCacheNumDeferredCloseThreads -> 0, testConnectionOnCheckin -> false, testConnectionOnCheckout -> false, unreturnedConnectionTimeout -> 0, userOverrides -> {}, usesTraditionalReflectiveProxies -> false ]
2016-05-13 22:28:40 INFO  Dialect:145 - HHH000400: Using dialect: org.hibernate.dialect.PostgreSQL9Dialect
2016-05-13 22:28:40 INFO  LobCreatorBuilder:123 - HHH000424: Disabling contextual LOB creation as createClob() method threw error : java.lang.reflect.InvocationTargetException
2016-05-13 22:28:41 INFO  ASTQueryTranslatorFactory:47 - HHH000397: Using ASTQueryTranslatorFactory
2016-05-13 22:28:41 INFO  Version:17 - HV000001: Hibernate Validator 5.2.2.Final
2016-05-13 22:28:42 INFO  SchemaUpdate:182 - HHH000228: Running hbm2ddl schema update
2016-05-13 22:28:42 INFO  SchemaUpdate:193 - HHH000102: Fetching database metadata
2016-05-13 22:28:42 INFO  SchemaUpdate:205 - HHH000396: Updating schema
2016-05-13 22:28:42 INFO  TableMetadata:66 - HHH000261: Table found: public.users
2016-05-13 22:28:42 INFO  TableMetadata:67 - HHH000037: Columns: [password, id, login]
2016-05-13 22:28:42 INFO  TableMetadata:69 - HHH000108: Foreign keys: []
2016-05-13 22:28:42 INFO  TableMetadata:70 - HHH000126: Indexes: [users_login_uindex, users_pkey]
2016-05-13 22:28:42 INFO  TableMetadata:66 - HHH000261: Table found: public.applications
2016-05-13 22:28:42 INFO  TableMetadata:67 - HHH000037: Columns: [summ, name, description, id, customer_id]
2016-05-13 22:28:42 INFO  TableMetadata:69 - HHH000108: Foreign keys: [fk_l47tsj38rr2nge18ujo4mt3b3]
2016-05-13 22:28:42 INFO  TableMetadata:70 - HHH000126: Indexes: [applications_pkey]
2016-05-13 22:28:42 INFO  TableMetadata:66 - HHH000261: Table found: public.cars
2016-05-13 22:28:42 INFO  TableMetadata:67 - HHH000037: Columns: [year, model, run, id, state]
2016-05-13 22:28:42 INFO  TableMetadata:69 - HHH000108: Foreign keys: []
2016-05-13 22:28:42 INFO  TableMetadata:70 - HHH000126: Indexes: [cars_pkey]
2016-05-13 22:28:42 INFO  TableMetadata:66 - HHH000261: Table found: public.customers
2016-05-13 22:28:42 INFO  TableMetadata:67 - HHH000037: Columns: [tel_number, user_id, deals, name, id, lastname]
2016-05-13 22:28:42 INFO  TableMetadata:69 - HHH000108: Foreign keys: [customers_users_fk]
2016-05-13 22:28:42 INFO  TableMetadata:70 - HHH000126: Indexes: [customers_pkey]
2016-05-13 22:28:42 INFO  TableMetadata:66 - HHH000261: Table found: public.docs
2016-05-13 22:28:42 INFO  TableMetadata:67 - HHH000037: Columns: [name, link, id]
2016-05-13 22:28:42 INFO  TableMetadata:69 - HHH000108: Foreign keys: []
2016-05-13 22:28:42 INFO  TableMetadata:70 - HHH000126: Indexes: [docs_pkey]
2016-05-13 22:28:42 INFO  TableMetadata:66 - HHH000261: Table found: public.drivers
2016-05-13 22:28:42 INFO  TableMetadata:67 - HHH000037: Columns: [tel_number, driving_exp, salary_rate, user_id, last_name, id, first_name]
2016-05-13 22:28:42 INFO  TableMetadata:69 - HHH000108: Foreign keys: [drivers_users_fk]
2016-05-13 22:28:42 INFO  TableMetadata:70 - HHH000126: Indexes: [drivers_pkey, drivers_user_id_uindex]
2016-05-13 22:28:42 INFO  TableMetadata:66 - HHH000261: Table found: public.messages
2016-05-13 22:28:42 INFO  TableMetadata:67 - HHH000037: Columns: [name, id, message, email]
2016-05-13 22:28:42 INFO  TableMetadata:69 - HHH000108: Foreign keys: []
2016-05-13 22:28:42 INFO  TableMetadata:70 - HHH000126: Indexes: [messages_pkey]
2016-05-13 22:28:42 INFO  TableMetadata:66 - HHH000261: Table found: public.orders
2016-05-13 22:28:42 INFO  TableMetadata:67 - HHH000037: Columns: [driver_id, cost, description, id, customer_id, car_id, status]
2016-05-13 22:28:42 INFO  TableMetadata:69 - HHH000108: Foreign keys: [drivers___fk, cars___fk, customers___fk]
2016-05-13 22:28:42 INFO  TableMetadata:70 - HHH000126: Indexes: [orders_pkey]
2016-05-13 22:28:42 INFO  TableMetadata:66 - HHH000261: Table found: public.user_role
2016-05-13 22:28:42 INFO  TableMetadata:67 - HHH000037: Columns: [role, user_id, id]
2016-05-13 22:28:42 INFO  TableMetadata:69 - HHH000108: Foreign keys: [user_role_user_fk]
2016-05-13 22:28:42 INFO  TableMetadata:70 - HHH000126: Indexes: [user_role_pkey]
2016-05-13 22:28:42 INFO  SchemaUpdate:242 - HHH000232: Schema update complete
2016-05-14 12:18:49 INFO  MLog:92 - MLog clients using log4j logging.
2016-05-14 12:18:49 INFO  C3P0Registry:216 - Initializing c3p0-0.9.2.1 [built 20-March-2013 10:47:27 +0000; debug? true; trace: 10]
2016-05-14 12:18:49 INFO  LogHelper:46 - HHH000204: Processing PersistenceUnitInfo [
	name: default
	...]
2016-05-14 12:18:49 INFO  Version:54 - HHH000412: Hibernate Core {4.3.0.Final}
2016-05-14 12:18:49 INFO  Environment:239 - HHH000206: hibernate.properties not found
2016-05-14 12:18:49 INFO  Environment:346 - HHH000021: Bytecode provider name : javassist
2016-05-14 12:18:49 INFO  Version:66 - HCANN000001: Hibernate Commons Annotations {4.0.4.Final}
2016-05-14 12:18:50 INFO  AbstractPoolBackedDataSource:522 - Initializing c3p0 pool... com.mchange.v2.c3p0.ComboPooledDataSource [ acquireIncrement -> 3, acquireRetryAttempts -> 30, acquireRetryDelay -> 1000, autoCommitOnClose -> false, automaticTestTable -> null, breakAfterAcquireFailure -> false, checkoutTimeout -> 0, connectionCustomizerClassName -> null, connectionTesterClassName -> com.mchange.v2.c3p0.impl.DefaultConnectionTester, dataSourceName -> 1hge0yu9g1cfn3kdd6y7u3|7a550f50, debugUnreturnedConnectionStackTraces -> false, description -> null, driverClass -> org.postgresql.Driver, factoryClassLocation -> null, forceIgnoreUnresolvedTransactions -> false, identityToken -> 1hge0yu9g1cfn3kdd6y7u3|7a550f50, idleConnectionTestPeriod -> 0, initialPoolSize -> 3, jdbcUrl -> jdbc:postgresql://localhost:5432/transcompany, maxAdministrativeTaskTime -> 0, maxConnectionAge -> 0, maxIdleTime -> 0, maxIdleTimeExcessConnections -> 0, maxPoolSize -> 15, maxStatements -> 0, maxStatementsPerConnection -> 0, minPoolSize -> 3, numHelperThreads -> 3, preferredTestQuery -> null, properties -> {user=******, password=******}, propertyCycle -> 0, statementCacheNumDeferredCloseThreads -> 0, testConnectionOnCheckin -> false, testConnectionOnCheckout -> false, unreturnedConnectionTimeout -> 0, userOverrides -> {}, usesTraditionalReflectiveProxies -> false ]
2016-05-14 12:18:50 INFO  Dialect:145 - HHH000400: Using dialect: org.hibernate.dialect.PostgreSQL9Dialect
2016-05-14 12:18:50 INFO  LobCreatorBuilder:123 - HHH000424: Disabling contextual LOB creation as createClob() method threw error : java.lang.reflect.InvocationTargetException
2016-05-14 12:18:50 INFO  ASTQueryTranslatorFactory:47 - HHH000397: Using ASTQueryTranslatorFactory
2016-05-14 12:18:51 INFO  Version:17 - HV000001: Hibernate Validator 5.2.2.Final
2016-05-14 12:18:51 INFO  SchemaUpdate:182 - HHH000228: Running hbm2ddl schema update
2016-05-14 12:18:51 INFO  SchemaUpdate:193 - HHH000102: Fetching database metadata
2016-05-14 12:18:51 INFO  SchemaUpdate:205 - HHH000396: Updating schema
2016-05-14 12:18:52 INFO  TableMetadata:66 - HHH000261: Table found: public.users
2016-05-14 12:18:52 INFO  TableMetadata:67 - HHH000037: Columns: [password, id, login]
2016-05-14 12:18:52 INFO  TableMetadata:69 - HHH000108: Foreign keys: []
2016-05-14 12:18:52 INFO  TableMetadata:70 - HHH000126: Indexes: [users_login_uindex, users_pkey]
2016-05-14 12:18:52 INFO  TableMetadata:66 - HHH000261: Table found: public.applications
2016-05-14 12:18:52 INFO  TableMetadata:67 - HHH000037: Columns: [summ, name, description, id, customer_id]
2016-05-14 12:18:52 INFO  TableMetadata:69 - HHH000108: Foreign keys: [fk_l47tsj38rr2nge18ujo4mt3b3]
2016-05-14 12:18:52 INFO  TableMetadata:70 - HHH000126: Indexes: [applications_pkey]
2016-05-14 12:18:52 INFO  TableMetadata:66 - HHH000261: Table found: public.cars
2016-05-14 12:18:52 INFO  TableMetadata:67 - HHH000037: Columns: [year, model, run, id, state]
2016-05-14 12:18:52 INFO  TableMetadata:69 - HHH000108: Foreign keys: []
2016-05-14 12:18:52 INFO  TableMetadata:70 - HHH000126: Indexes: [cars_pkey]
2016-05-14 12:18:52 INFO  TableMetadata:66 - HHH000261: Table found: public.customers
2016-05-14 12:18:52 INFO  TableMetadata:67 - HHH000037: Columns: [tel_number, user_id, deals, name, id, lastname]
2016-05-14 12:18:52 INFO  TableMetadata:69 - HHH000108: Foreign keys: [customers_users_fk]
2016-05-14 12:18:52 INFO  TableMetadata:70 - HHH000126: Indexes: [customers_pkey]
2016-05-14 12:18:52 INFO  TableMetadata:66 - HHH000261: Table found: public.docs
2016-05-14 12:18:52 INFO  TableMetadata:67 - HHH000037: Columns: [name, link, id]
2016-05-14 12:18:52 INFO  TableMetadata:69 - HHH000108: Foreign keys: []
2016-05-14 12:18:52 INFO  TableMetadata:70 - HHH000126: Indexes: [docs_pkey]
2016-05-14 12:18:52 INFO  TableMetadata:66 - HHH000261: Table found: public.drivers
2016-05-14 12:18:52 INFO  TableMetadata:67 - HHH000037: Columns: [tel_number, driving_exp, salary_rate, user_id, last_name, id, first_name]
2016-05-14 12:18:52 INFO  TableMetadata:69 - HHH000108: Foreign keys: [drivers_users_fk]
2016-05-14 12:18:52 INFO  TableMetadata:70 - HHH000126: Indexes: [drivers_pkey, drivers_user_id_uindex]
2016-05-14 12:18:52 INFO  TableMetadata:66 - HHH000261: Table found: public.messages
2016-05-14 12:18:52 INFO  TableMetadata:67 - HHH000037: Columns: [name, id, message, email]
2016-05-14 12:18:52 INFO  TableMetadata:69 - HHH000108: Foreign keys: []
2016-05-14 12:18:52 INFO  TableMetadata:70 - HHH000126: Indexes: [messages_pkey]
2016-05-14 12:18:52 INFO  TableMetadata:66 - HHH000261: Table found: public.orders
2016-05-14 12:18:52 INFO  TableMetadata:67 - HHH000037: Columns: [driver_id, cost, description, id, customer_id, car_id, status]
2016-05-14 12:18:52 INFO  TableMetadata:69 - HHH000108: Foreign keys: [drivers___fk, cars___fk, customers___fk]
2016-05-14 12:18:52 INFO  TableMetadata:70 - HHH000126: Indexes: [orders_pkey]
2016-05-14 12:18:52 INFO  TableMetadata:66 - HHH000261: Table found: public.user_role
2016-05-14 12:18:52 INFO  TableMetadata:67 - HHH000037: Columns: [role, user_id, id]
2016-05-14 12:18:52 INFO  TableMetadata:69 - HHH000108: Foreign keys: [user_role_user_fk]
2016-05-14 12:18:52 INFO  TableMetadata:70 - HHH000126: Indexes: [user_role_pkey]
2016-05-14 12:18:52 INFO  SchemaUpdate:242 - HHH000232: Schema update complete
2016-05-14 12:19:53 INFO  MLog:92 - MLog clients using log4j logging.
2016-05-14 12:19:53 INFO  C3P0Registry:216 - Initializing c3p0-0.9.2.1 [built 20-March-2013 10:47:27 +0000; debug? true; trace: 10]
2016-05-14 12:19:54 INFO  LogHelper:46 - HHH000204: Processing PersistenceUnitInfo [
	name: default
	...]
2016-05-14 12:19:54 INFO  Version:54 - HHH000412: Hibernate Core {4.3.0.Final}
2016-05-14 12:19:54 INFO  Environment:239 - HHH000206: hibernate.properties not found
2016-05-14 12:19:54 INFO  Environment:346 - HHH000021: Bytecode provider name : javassist
2016-05-14 12:19:54 INFO  Version:66 - HCANN000001: Hibernate Commons Annotations {4.0.4.Final}
2016-05-14 12:19:54 INFO  AbstractPoolBackedDataSource:522 - Initializing c3p0 pool... com.mchange.v2.c3p0.ComboPooledDataSource [ acquireIncrement -> 3, acquireRetryAttempts -> 30, acquireRetryDelay -> 1000, autoCommitOnClose -> false, automaticTestTable -> null, breakAfterAcquireFailure -> false, checkoutTimeout -> 0, connectionCustomizerClassName -> null, connectionTesterClassName -> com.mchange.v2.c3p0.impl.DefaultConnectionTester, dataSourceName -> 1hge0yu9g1cfohlelf5qg0|3e8f445f, debugUnreturnedConnectionStackTraces -> false, description -> null, driverClass -> org.postgresql.Driver, factoryClassLocation -> null, forceIgnoreUnresolvedTransactions -> false, identityToken -> 1hge0yu9g1cfohlelf5qg0|3e8f445f, idleConnectionTestPeriod -> 0, initialPoolSize -> 3, jdbcUrl -> jdbc:postgresql://localhost:5432/transcompany, maxAdministrativeTaskTime -> 0, maxConnectionAge -> 0, maxIdleTime -> 0, maxIdleTimeExcessConnections -> 0, maxPoolSize -> 15, maxStatements -> 0, maxStatementsPerConnection -> 0, minPoolSize -> 3, numHelperThreads -> 3, preferredTestQuery -> null, properties -> {user=******, password=******}, propertyCycle -> 0, statementCacheNumDeferredCloseThreads -> 0, testConnectionOnCheckin -> false, testConnectionOnCheckout -> false, unreturnedConnectionTimeout -> 0, userOverrides -> {}, usesTraditionalReflectiveProxies -> false ]
2016-05-14 12:19:55 INFO  Dialect:145 - HHH000400: Using dialect: org.hibernate.dialect.PostgreSQL9Dialect
2016-05-14 12:19:55 INFO  LobCreatorBuilder:123 - HHH000424: Disabling contextual LOB creation as createClob() method threw error : java.lang.reflect.InvocationTargetException
2016-05-14 12:19:55 INFO  ASTQueryTranslatorFactory:47 - HHH000397: Using ASTQueryTranslatorFactory
2016-05-14 12:19:55 INFO  Version:17 - HV000001: Hibernate Validator 5.2.2.Final
2016-05-14 12:19:56 INFO  SchemaUpdate:182 - HHH000228: Running hbm2ddl schema update
2016-05-14 12:19:56 INFO  SchemaUpdate:193 - HHH000102: Fetching database metadata
2016-05-14 12:19:56 INFO  SchemaUpdate:205 - HHH000396: Updating schema
2016-05-14 12:19:56 INFO  TableMetadata:66 - HHH000261: Table found: public.users
2016-05-14 12:19:56 INFO  TableMetadata:67 - HHH000037: Columns: [password, id, login]
2016-05-14 12:19:56 INFO  TableMetadata:69 - HHH000108: Foreign keys: []
2016-05-14 12:19:56 INFO  TableMetadata:70 - HHH000126: Indexes: [users_login_uindex, users_pkey]
2016-05-14 12:19:56 INFO  TableMetadata:66 - HHH000261: Table found: public.applications
2016-05-14 12:19:56 INFO  TableMetadata:67 - HHH000037: Columns: [summ, name, description, id, customer_id]
2016-05-14 12:19:56 INFO  TableMetadata:69 - HHH000108: Foreign keys: [fk_l47tsj38rr2nge18ujo4mt3b3]
2016-05-14 12:19:56 INFO  TableMetadata:70 - HHH000126: Indexes: [applications_pkey]
2016-05-14 12:19:56 INFO  TableMetadata:66 - HHH000261: Table found: public.cars
2016-05-14 12:19:56 INFO  TableMetadata:67 - HHH000037: Columns: [year, model, run, id, state]
2016-05-14 12:19:56 INFO  TableMetadata:69 - HHH000108: Foreign keys: []
2016-05-14 12:19:56 INFO  TableMetadata:70 - HHH000126: Indexes: [cars_pkey]
2016-05-14 12:19:56 INFO  TableMetadata:66 - HHH000261: Table found: public.customers
2016-05-14 12:19:56 INFO  TableMetadata:67 - HHH000037: Columns: [tel_number, user_id, deals, name, id, lastname]
2016-05-14 12:19:56 INFO  TableMetadata:69 - HHH000108: Foreign keys: [customers_users_fk]
2016-05-14 12:19:56 INFO  TableMetadata:70 - HHH000126: Indexes: [customers_pkey]
2016-05-14 12:19:56 INFO  TableMetadata:66 - HHH000261: Table found: public.docs
2016-05-14 12:19:56 INFO  TableMetadata:67 - HHH000037: Columns: [name, link, id]
2016-05-14 12:19:56 INFO  TableMetadata:69 - HHH000108: Foreign keys: []
2016-05-14 12:19:56 INFO  TableMetadata:70 - HHH000126: Indexes: [docs_pkey]
2016-05-14 12:19:56 INFO  TableMetadata:66 - HHH000261: Table found: public.drivers
2016-05-14 12:19:56 INFO  TableMetadata:67 - HHH000037: Columns: [tel_number, driving_exp, salary_rate, user_id, last_name, id, first_name]
2016-05-14 12:19:56 INFO  TableMetadata:69 - HHH000108: Foreign keys: [drivers_users_fk]
2016-05-14 12:19:56 INFO  TableMetadata:70 - HHH000126: Indexes: [drivers_pkey, drivers_user_id_uindex]
2016-05-14 12:19:56 INFO  TableMetadata:66 - HHH000261: Table found: public.messages
2016-05-14 12:19:56 INFO  TableMetadata:67 - HHH000037: Columns: [name, id, message, email]
2016-05-14 12:19:56 INFO  TableMetadata:69 - HHH000108: Foreign keys: []
2016-05-14 12:19:56 INFO  TableMetadata:70 - HHH000126: Indexes: [messages_pkey]
2016-05-14 12:19:56 INFO  TableMetadata:66 - HHH000261: Table found: public.orders
2016-05-14 12:19:56 INFO  TableMetadata:67 - HHH000037: Columns: [driver_id, cost, description, id, customer_id, car_id, status]
2016-05-14 12:19:56 INFO  TableMetadata:69 - HHH000108: Foreign keys: [drivers___fk, cars___fk, customers___fk]
2016-05-14 12:19:56 INFO  TableMetadata:70 - HHH000126: Indexes: [orders_pkey]
2016-05-14 12:19:56 INFO  TableMetadata:66 - HHH000261: Table found: public.user_role
2016-05-14 12:19:56 INFO  TableMetadata:67 - HHH000037: Columns: [role, user_id, id]
2016-05-14 12:19:56 INFO  TableMetadata:69 - HHH000108: Foreign keys: [user_role_user_fk]
2016-05-14 12:19:56 INFO  TableMetadata:70 - HHH000126: Indexes: [user_role_pkey]
2016-05-14 12:19:56 INFO  SchemaUpdate:242 - HHH000232: Schema update complete
2016-05-14 12:27:07 INFO  MLog:92 - MLog clients using log4j logging.
2016-05-14 12:27:07 INFO  C3P0Registry:216 - Initializing c3p0-0.9.2.1 [built 20-March-2013 10:47:27 +0000; debug? true; trace: 10]
2016-05-14 12:27:08 INFO  LogHelper:46 - HHH000204: Processing PersistenceUnitInfo [
	name: default
	...]
2016-05-14 12:27:08 INFO  Version:54 - HHH000412: Hibernate Core {4.3.0.Final}
2016-05-14 12:27:08 INFO  Environment:239 - HHH000206: hibernate.properties not found
2016-05-14 12:27:08 INFO  Environment:346 - HHH000021: Bytecode provider name : javassist
2016-05-14 12:27:08 INFO  Version:66 - HCANN000001: Hibernate Commons Annotations {4.0.4.Final}
2016-05-14 12:27:08 INFO  AbstractPoolBackedDataSource:522 - Initializing c3p0 pool... com.mchange.v2.c3p0.ComboPooledDataSource [ acquireIncrement -> 3, acquireRetryAttempts -> 30, acquireRetryDelay -> 1000, autoCommitOnClose -> false, automaticTestTable -> null, breakAfterAcquireFailure -> false, checkoutTimeout -> 0, connectionCustomizerClassName -> null, connectionTesterClassName -> com.mchange.v2.c3p0.impl.DefaultConnectionTester, dataSourceName -> 1hge0yu9g1cfxsdw1xsv223|3dd44f99, debugUnreturnedConnectionStackTraces -> false, description -> null, driverClass -> org.postgresql.Driver, factoryClassLocation -> null, forceIgnoreUnresolvedTransactions -> false, identityToken -> 1hge0yu9g1cfxsdw1xsv223|3dd44f99, idleConnectionTestPeriod -> 0, initialPoolSize -> 3, jdbcUrl -> jdbc:postgresql://localhost:5432/transcompany, maxAdministrativeTaskTime -> 0, maxConnectionAge -> 0, maxIdleTime -> 0, maxIdleTimeExcessConnections -> 0, maxPoolSize -> 15, maxStatements -> 0, maxStatementsPerConnection -> 0, minPoolSize -> 3, numHelperThreads -> 3, preferredTestQuery -> null, properties -> {user=******, password=******}, propertyCycle -> 0, statementCacheNumDeferredCloseThreads -> 0, testConnectionOnCheckin -> false, testConnectionOnCheckout -> false, unreturnedConnectionTimeout -> 0, userOverrides -> {}, usesTraditionalReflectiveProxies -> false ]
2016-05-14 12:27:09 INFO  Dialect:145 - HHH000400: Using dialect: org.hibernate.dialect.PostgreSQL9Dialect
2016-05-14 12:27:09 INFO  LobCreatorBuilder:123 - HHH000424: Disabling contextual LOB creation as createClob() method threw error : java.lang.reflect.InvocationTargetException
2016-05-14 12:27:09 INFO  ASTQueryTranslatorFactory:47 - HHH000397: Using ASTQueryTranslatorFactory
2016-05-14 12:27:09 INFO  Version:17 - HV000001: Hibernate Validator 5.2.2.Final
2016-05-14 12:27:10 INFO  SchemaUpdate:182 - HHH000228: Running hbm2ddl schema update
2016-05-14 12:27:10 INFO  SchemaUpdate:193 - HHH000102: Fetching database metadata
2016-05-14 12:27:10 INFO  SchemaUpdate:205 - HHH000396: Updating schema
2016-05-14 12:27:10 INFO  TableMetadata:66 - HHH000261: Table found: public.users
2016-05-14 12:27:10 INFO  TableMetadata:67 - HHH000037: Columns: [password, id, login]
2016-05-14 12:27:10 INFO  TableMetadata:69 - HHH000108: Foreign keys: []
2016-05-14 12:27:10 INFO  TableMetadata:70 - HHH000126: Indexes: [users_login_uindex, users_pkey]
2016-05-14 12:27:10 INFO  TableMetadata:66 - HHH000261: Table found: public.applications
2016-05-14 12:27:10 INFO  TableMetadata:67 - HHH000037: Columns: [summ, name, description, id, customer_id]
2016-05-14 12:27:10 INFO  TableMetadata:69 - HHH000108: Foreign keys: [fk_l47tsj38rr2nge18ujo4mt3b3]
2016-05-14 12:27:10 INFO  TableMetadata:70 - HHH000126: Indexes: [applications_pkey]
2016-05-14 12:27:10 INFO  TableMetadata:66 - HHH000261: Table found: public.cars
2016-05-14 12:27:10 INFO  TableMetadata:67 - HHH000037: Columns: [year, model, run, id, state]
2016-05-14 12:27:10 INFO  TableMetadata:69 - HHH000108: Foreign keys: []
2016-05-14 12:27:10 INFO  TableMetadata:70 - HHH000126: Indexes: [cars_pkey]
2016-05-14 12:27:10 INFO  TableMetadata:66 - HHH000261: Table found: public.customers
2016-05-14 12:27:10 INFO  TableMetadata:67 - HHH000037: Columns: [tel_number, user_id, deals, name, id, lastname]
2016-05-14 12:27:10 INFO  TableMetadata:69 - HHH000108: Foreign keys: [customers_users_fk]
2016-05-14 12:27:10 INFO  TableMetadata:70 - HHH000126: Indexes: [customers_pkey]
2016-05-14 12:27:10 INFO  TableMetadata:66 - HHH000261: Table found: public.docs
2016-05-14 12:27:10 INFO  TableMetadata:67 - HHH000037: Columns: [name, link, id]
2016-05-14 12:27:10 INFO  TableMetadata:69 - HHH000108: Foreign keys: []
2016-05-14 12:27:10 INFO  TableMetadata:70 - HHH000126: Indexes: [docs_pkey]
2016-05-14 12:27:10 INFO  TableMetadata:66 - HHH000261: Table found: public.drivers
2016-05-14 12:27:10 INFO  TableMetadata:67 - HHH000037: Columns: [tel_number, driving_exp, salary_rate, user_id, last_name, id, first_name]
2016-05-14 12:27:10 INFO  TableMetadata:69 - HHH000108: Foreign keys: [drivers_users_fk]
2016-05-14 12:27:10 INFO  TableMetadata:70 - HHH000126: Indexes: [drivers_pkey, drivers_user_id_uindex]
2016-05-14 12:27:10 INFO  TableMetadata:66 - HHH000261: Table found: public.messages
2016-05-14 12:27:10 INFO  TableMetadata:67 - HHH000037: Columns: [name, id, message, email]
2016-05-14 12:27:10 INFO  TableMetadata:69 - HHH000108: Foreign keys: []
2016-05-14 12:27:10 INFO  TableMetadata:70 - HHH000126: Indexes: [messages_pkey]
2016-05-14 12:27:10 INFO  TableMetadata:66 - HHH000261: Table found: public.orders
2016-05-14 12:27:10 INFO  TableMetadata:67 - HHH000037: Columns: [driver_id, cost, description, id, customer_id, car_id, status]
2016-05-14 12:27:10 INFO  TableMetadata:69 - HHH000108: Foreign keys: [drivers___fk, cars___fk, customers___fk]
2016-05-14 12:27:10 INFO  TableMetadata:70 - HHH000126: Indexes: [orders_pkey]
2016-05-14 12:27:11 INFO  TableMetadata:66 - HHH000261: Table found: public.user_role
2016-05-14 12:27:11 INFO  TableMetadata:67 - HHH000037: Columns: [role, user_id, id]
2016-05-14 12:27:11 INFO  TableMetadata:69 - HHH000108: Foreign keys: [user_role_user_fk]
2016-05-14 12:27:11 INFO  TableMetadata:70 - HHH000126: Indexes: [user_role_pkey]
2016-05-14 12:27:11 INFO  SchemaUpdate:242 - HHH000232: Schema update complete
2016-05-14 14:48:49 INFO  MLog:92 - MLog clients using log4j logging.
2016-05-14 14:48:49 INFO  C3P0Registry:216 - Initializing c3p0-0.9.2.1 [built 20-March-2013 10:47:27 +0000; debug? true; trace: 10]
2016-05-14 14:48:50 INFO  LogHelper:46 - HHH000204: Processing PersistenceUnitInfo [
	name: default
	...]
2016-05-14 14:48:50 INFO  Version:54 - HHH000412: Hibernate Core {4.3.0.Final}
2016-05-14 14:48:50 INFO  Environment:239 - HHH000206: hibernate.properties not found
2016-05-14 14:48:50 INFO  Environment:346 - HHH000021: Bytecode provider name : javassist
2016-05-14 14:48:50 INFO  Version:66 - HCANN000001: Hibernate Commons Annotations {4.0.4.Final}
2016-05-14 14:48:51 INFO  AbstractPoolBackedDataSource:522 - Initializing c3p0 pool... com.mchange.v2.c3p0.ComboPooledDataSource [ acquireIncrement -> 3, acquireRetryAttempts -> 30, acquireRetryDelay -> 1000, autoCommitOnClose -> false, automaticTestTable -> null, breakAfterAcquireFailure -> false, checkoutTimeout -> 0, connectionCustomizerClassName -> null, connectionTesterClassName -> com.mchange.v2.c3p0.impl.DefaultConnectionTester, dataSourceName -> 1b60q5t9g1cl00k710f9bg7|392a08ce, debugUnreturnedConnectionStackTraces -> false, description -> null, driverClass -> org.postgresql.Driver, factoryClassLocation -> null, forceIgnoreUnresolvedTransactions -> false, identityToken -> 1b60q5t9g1cl00k710f9bg7|392a08ce, idleConnectionTestPeriod -> 0, initialPoolSize -> 3, jdbcUrl -> jdbc:postgresql://localhost:5432/transcompany, maxAdministrativeTaskTime -> 0, maxConnectionAge -> 0, maxIdleTime -> 0, maxIdleTimeExcessConnections -> 0, maxPoolSize -> 15, maxStatements -> 0, maxStatementsPerConnection -> 0, minPoolSize -> 3, numHelperThreads -> 3, preferredTestQuery -> null, properties -> {user=******, password=******}, propertyCycle -> 0, statementCacheNumDeferredCloseThreads -> 0, testConnectionOnCheckin -> false, testConnectionOnCheckout -> false, unreturnedConnectionTimeout -> 0, userOverrides -> {}, usesTraditionalReflectiveProxies -> false ]
2016-05-14 14:48:51 INFO  Dialect:145 - HHH000400: Using dialect: org.hibernate.dialect.PostgreSQL9Dialect
2016-05-14 14:48:51 INFO  LobCreatorBuilder:123 - HHH000424: Disabling contextual LOB creation as createClob() method threw error : java.lang.reflect.InvocationTargetException
2016-05-14 14:48:52 INFO  ASTQueryTranslatorFactory:47 - HHH000397: Using ASTQueryTranslatorFactory
2016-05-14 14:48:52 INFO  Version:17 - HV000001: Hibernate Validator 5.2.2.Final
2016-05-14 14:48:53 INFO  SchemaUpdate:182 - HHH000228: Running hbm2ddl schema update
2016-05-14 14:48:53 INFO  SchemaUpdate:193 - HHH000102: Fetching database metadata
2016-05-14 14:48:53 INFO  SchemaUpdate:205 - HHH000396: Updating schema
2016-05-14 14:48:54 INFO  TableMetadata:66 - HHH000261: Table found: public.users
2016-05-14 14:48:54 INFO  TableMetadata:67 - HHH000037: Columns: [password, id, login]
2016-05-14 14:48:54 INFO  TableMetadata:69 - HHH000108: Foreign keys: []
2016-05-14 14:48:54 INFO  TableMetadata:70 - HHH000126: Indexes: [users_login_uindex, users_pkey]
2016-05-14 14:48:54 INFO  TableMetadata:66 - HHH000261: Table found: public.applications
2016-05-14 14:48:54 INFO  TableMetadata:67 - HHH000037: Columns: [summ, name, description, id, customer_id]
2016-05-14 14:48:54 INFO  TableMetadata:69 - HHH000108: Foreign keys: [fk_l47tsj38rr2nge18ujo4mt3b3]
2016-05-14 14:48:54 INFO  TableMetadata:70 - HHH000126: Indexes: [applications_pkey]
2016-05-14 14:48:54 INFO  TableMetadata:66 - HHH000261: Table found: public.cars
2016-05-14 14:48:54 INFO  TableMetadata:67 - HHH000037: Columns: [year, model, run, id, state]
2016-05-14 14:48:54 INFO  TableMetadata:69 - HHH000108: Foreign keys: []
2016-05-14 14:48:54 INFO  TableMetadata:70 - HHH000126: Indexes: [cars_pkey]
2016-05-14 14:48:54 INFO  TableMetadata:66 - HHH000261: Table found: public.customers
2016-05-14 14:48:54 INFO  TableMetadata:67 - HHH000037: Columns: [tel_number, user_id, deals, name, id, lastname]
2016-05-14 14:48:54 INFO  TableMetadata:69 - HHH000108: Foreign keys: [customers_users_fk]
2016-05-14 14:48:54 INFO  TableMetadata:70 - HHH000126: Indexes: [customers_pkey]
2016-05-14 14:48:54 INFO  TableMetadata:66 - HHH000261: Table found: public.docs
2016-05-14 14:48:54 INFO  TableMetadata:67 - HHH000037: Columns: [name, link, id]
2016-05-14 14:48:54 INFO  TableMetadata:69 - HHH000108: Foreign keys: []
2016-05-14 14:48:54 INFO  TableMetadata:70 - HHH000126: Indexes: [docs_pkey]
2016-05-14 14:48:54 INFO  TableMetadata:66 - HHH000261: Table found: public.drivers
2016-05-14 14:48:54 INFO  TableMetadata:67 - HHH000037: Columns: [tel_number, driving_exp, salary_rate, user_id, last_name, id, first_name]
2016-05-14 14:48:54 INFO  TableMetadata:69 - HHH000108: Foreign keys: [drivers_users_fk]
2016-05-14 14:48:54 INFO  TableMetadata:70 - HHH000126: Indexes: [drivers_pkey, drivers_user_id_uindex]
2016-05-14 14:48:54 INFO  TableMetadata:66 - HHH000261: Table found: public.messages
2016-05-14 14:48:54 INFO  TableMetadata:67 - HHH000037: Columns: [name, id, message, email]
2016-05-14 14:48:54 INFO  TableMetadata:69 - HHH000108: Foreign keys: []
2016-05-14 14:48:54 INFO  TableMetadata:70 - HHH000126: Indexes: [messages_pkey]
2016-05-14 14:48:54 INFO  TableMetadata:66 - HHH000261: Table found: public.orders
2016-05-14 14:48:54 INFO  TableMetadata:67 - HHH000037: Columns: [driver_id, cost, description, id, customer_id, car_id, status]
2016-05-14 14:48:54 INFO  TableMetadata:69 - HHH000108: Foreign keys: [drivers___fk, cars___fk, customers___fk]
2016-05-14 14:48:54 INFO  TableMetadata:70 - HHH000126: Indexes: [orders_pkey]
2016-05-14 14:48:54 INFO  TableMetadata:66 - HHH000261: Table found: public.user_role
2016-05-14 14:48:54 INFO  TableMetadata:67 - HHH000037: Columns: [role, user_id, id]
2016-05-14 14:48:54 INFO  TableMetadata:69 - HHH000108: Foreign keys: [user_role_user_fk]
2016-05-14 14:48:54 INFO  TableMetadata:70 - HHH000126: Indexes: [user_role_pkey]
2016-05-14 14:48:54 INFO  SchemaUpdate:242 - HHH000232: Schema update complete
2016-05-14 17:37:19 INFO  MLog:92 - MLog clients using log4j logging.
2016-05-14 17:37:19 INFO  C3P0Registry:216 - Initializing c3p0-0.9.2.1 [built 20-March-2013 10:47:27 +0000; debug? true; trace: 10]
2016-05-14 17:37:20 INFO  LogHelper:46 - HHH000204: Processing PersistenceUnitInfo [
	name: default
	...]
2016-05-14 17:37:20 INFO  Version:54 - HHH000412: Hibernate Core {4.3.0.Final}
2016-05-14 17:37:20 INFO  Environment:239 - HHH000206: hibernate.properties not found
2016-05-14 17:37:20 INFO  Environment:346 - HHH000021: Bytecode provider name : javassist
2016-05-14 17:37:20 INFO  Version:66 - HCANN000001: Hibernate Commons Annotations {4.0.4.Final}
2016-05-14 17:37:20 INFO  AbstractPoolBackedDataSource:522 - Initializing c3p0 pool... com.mchange.v2.c3p0.ComboPooledDataSource [ acquireIncrement -> 3, acquireRetryAttempts -> 30, acquireRetryDelay -> 1000, autoCommitOnClose -> false, automaticTestTable -> null, breakAfterAcquireFailure -> false, checkoutTimeout -> 0, connectionCustomizerClassName -> null, connectionTesterClassName -> com.mchange.v2.c3p0.impl.DefaultConnectionTester, dataSourceName -> 1hge0yu9g1cr0peq19v7urm|715c2272, debugUnreturnedConnectionStackTraces -> false, description -> null, driverClass -> org.postgresql.Driver, factoryClassLocation -> null, forceIgnoreUnresolvedTransactions -> false, identityToken -> 1hge0yu9g1cr0peq19v7urm|715c2272, idleConnectionTestPeriod -> 0, initialPoolSize -> 3, jdbcUrl -> jdbc:postgresql://localhost:5432/transcompany, maxAdministrativeTaskTime -> 0, maxConnectionAge -> 0, maxIdleTime -> 0, maxIdleTimeExcessConnections -> 0, maxPoolSize -> 15, maxStatements -> 0, maxStatementsPerConnection -> 0, minPoolSize -> 3, numHelperThreads -> 3, preferredTestQuery -> null, properties -> {user=******, password=******}, propertyCycle -> 0, statementCacheNumDeferredCloseThreads -> 0, testConnectionOnCheckin -> false, testConnectionOnCheckout -> false, unreturnedConnectionTimeout -> 0, userOverrides -> {}, usesTraditionalReflectiveProxies -> false ]
2016-05-14 17:37:21 INFO  Dialect:145 - HHH000400: Using dialect: org.hibernate.dialect.PostgreSQL9Dialect
2016-05-14 17:37:21 INFO  LobCreatorBuilder:123 - HHH000424: Disabling contextual LOB creation as createClob() method threw error : java.lang.reflect.InvocationTargetException
2016-05-14 17:37:22 INFO  ASTQueryTranslatorFactory:47 - HHH000397: Using ASTQueryTranslatorFactory
2016-05-14 17:37:22 INFO  Version:17 - HV000001: Hibernate Validator 5.2.2.Final
2016-05-14 17:37:23 INFO  SchemaUpdate:182 - HHH000228: Running hbm2ddl schema update
2016-05-14 17:37:23 INFO  SchemaUpdate:193 - HHH000102: Fetching database metadata
2016-05-14 17:37:23 INFO  SchemaUpdate:205 - HHH000396: Updating schema
2016-05-14 17:37:23 INFO  TableMetadata:66 - HHH000261: Table found: public.users
2016-05-14 17:37:23 INFO  TableMetadata:67 - HHH000037: Columns: [password, id, login]
2016-05-14 17:37:23 INFO  TableMetadata:69 - HHH000108: Foreign keys: []
2016-05-14 17:37:23 INFO  TableMetadata:70 - HHH000126: Indexes: [users_login_uindex, users_pkey]
2016-05-14 17:37:23 INFO  TableMetadata:66 - HHH000261: Table found: public.applications
2016-05-14 17:37:23 INFO  TableMetadata:67 - HHH000037: Columns: [summ, name, description, id, customer_id]
2016-05-14 17:37:23 INFO  TableMetadata:69 - HHH000108: Foreign keys: [fk_l47tsj38rr2nge18ujo4mt3b3]
2016-05-14 17:37:23 INFO  TableMetadata:70 - HHH000126: Indexes: [applications_pkey]
2016-05-14 17:37:23 INFO  TableMetadata:66 - HHH000261: Table found: public.cars
2016-05-14 17:37:23 INFO  TableMetadata:67 - HHH000037: Columns: [year, model, run, id, state]
2016-05-14 17:37:23 INFO  TableMetadata:69 - HHH000108: Foreign keys: []
2016-05-14 17:37:23 INFO  TableMetadata:70 - HHH000126: Indexes: [cars_pkey]
2016-05-14 17:37:23 INFO  TableMetadata:66 - HHH000261: Table found: public.customers
2016-05-14 17:37:23 INFO  TableMetadata:67 - HHH000037: Columns: [tel_number, user_id, deals, name, id, lastname]
2016-05-14 17:37:23 INFO  TableMetadata:69 - HHH000108: Foreign keys: [customers_users_fk]
2016-05-14 17:37:23 INFO  TableMetadata:70 - HHH000126: Indexes: [customers_pkey]
2016-05-14 17:37:23 INFO  TableMetadata:66 - HHH000261: Table found: public.docs
2016-05-14 17:37:23 INFO  TableMetadata:67 - HHH000037: Columns: [name, link, id]
2016-05-14 17:37:23 INFO  TableMetadata:69 - HHH000108: Foreign keys: []
2016-05-14 17:37:23 INFO  TableMetadata:70 - HHH000126: Indexes: [docs_pkey]
2016-05-14 17:37:23 INFO  TableMetadata:66 - HHH000261: Table found: public.drivers
2016-05-14 17:37:23 INFO  TableMetadata:67 - HHH000037: Columns: [tel_number, driving_exp, salary_rate, user_id, last_name, id, first_name]
2016-05-14 17:37:23 INFO  TableMetadata:69 - HHH000108: Foreign keys: [drivers_users_fk]
2016-05-14 17:37:23 INFO  TableMetadata:70 - HHH000126: Indexes: [drivers_pkey, drivers_user_id_uindex]
2016-05-14 17:37:23 INFO  TableMetadata:66 - HHH000261: Table found: public.messages
2016-05-14 17:37:23 INFO  TableMetadata:67 - HHH000037: Columns: [name, id, message, email]
2016-05-14 17:37:23 INFO  TableMetadata:69 - HHH000108: Foreign keys: []
2016-05-14 17:37:23 INFO  TableMetadata:70 - HHH000126: Indexes: [messages_pkey]
2016-05-14 17:37:23 INFO  TableMetadata:66 - HHH000261: Table found: public.orders
2016-05-14 17:37:23 INFO  TableMetadata:67 - HHH000037: Columns: [driver_id, cost, description, id, customer_id, car_id, status]
2016-05-14 17:37:23 INFO  TableMetadata:69 - HHH000108: Foreign keys: [drivers___fk, cars___fk, customers___fk]
2016-05-14 17:37:23 INFO  TableMetadata:70 - HHH000126: Indexes: [orders_pkey]
2016-05-14 17:37:23 INFO  TableMetadata:66 - HHH000261: Table found: public.user_role
2016-05-14 17:37:23 INFO  TableMetadata:67 - HHH000037: Columns: [role, user_id, id]
2016-05-14 17:37:23 INFO  TableMetadata:69 - HHH000108: Foreign keys: [user_role_user_fk]
2016-05-14 17:37:23 INFO  TableMetadata:70 - HHH000126: Indexes: [user_role_pkey]
2016-05-14 17:37:23 INFO  SchemaUpdate:242 - HHH000232: Schema update complete
2016-05-14 17:51:02 INFO  MLog:92 - MLog clients using log4j logging.
2016-05-14 17:51:02 INFO  C3P0Registry:216 - Initializing c3p0-0.9.2.1 [built 20-March-2013 10:47:27 +0000; debug? true; trace: 10]
2016-05-14 17:51:04 INFO  LogHelper:46 - HHH000204: Processing PersistenceUnitInfo [
	name: default
	...]
2016-05-14 17:51:05 INFO  Version:54 - HHH000412: Hibernate Core {4.3.0.Final}
2016-05-14 17:51:05 INFO  Environment:239 - HHH000206: hibernate.properties not found
2016-05-14 17:51:05 INFO  Environment:346 - HHH000021: Bytecode provider name : javassist
2016-05-14 17:51:08 INFO  Version:66 - HCANN000001: Hibernate Commons Annotations {4.0.4.Final}
2016-05-14 17:51:09 INFO  AbstractPoolBackedDataSource:522 - Initializing c3p0 pool... com.mchange.v2.c3p0.ComboPooledDataSource [ acquireIncrement -> 3, acquireRetryAttempts -> 30, acquireRetryDelay -> 1000, autoCommitOnClose -> false, automaticTestTable -> null, breakAfterAcquireFailure -> false, checkoutTimeout -> 0, connectionCustomizerClassName -> null, connectionTesterClassName -> com.mchange.v2.c3p0.impl.DefaultConnectionTester, dataSourceName -> 1hge0yu9g1cricf41faeoxa|72cb0150, debugUnreturnedConnectionStackTraces -> false, description -> null, driverClass -> org.postgresql.Driver, factoryClassLocation -> null, forceIgnoreUnresolvedTransactions -> false, identityToken -> 1hge0yu9g1cricf41faeoxa|72cb0150, idleConnectionTestPeriod -> 0, initialPoolSize -> 3, jdbcUrl -> jdbc:postgresql://localhost:5432/transcompany, maxAdministrativeTaskTime -> 0, maxConnectionAge -> 0, maxIdleTime -> 0, maxIdleTimeExcessConnections -> 0, maxPoolSize -> 15, maxStatements -> 0, maxStatementsPerConnection -> 0, minPoolSize -> 3, numHelperThreads -> 3, preferredTestQuery -> null, properties -> {user=******, password=******}, propertyCycle -> 0, statementCacheNumDeferredCloseThreads -> 0, testConnectionOnCheckin -> false, testConnectionOnCheckout -> false, unreturnedConnectionTimeout -> 0, userOverrides -> {}, usesTraditionalReflectiveProxies -> false ]
2016-05-14 17:51:10 INFO  Dialect:145 - HHH000400: Using dialect: org.hibernate.dialect.PostgreSQL9Dialect
2016-05-14 17:51:10 INFO  LobCreatorBuilder:123 - HHH000424: Disabling contextual LOB creation as createClob() method threw error : java.lang.reflect.InvocationTargetException
2016-05-14 17:51:14 INFO  ASTQueryTranslatorFactory:47 - HHH000397: Using ASTQueryTranslatorFactory
2016-05-14 17:51:15 INFO  Version:17 - HV000001: Hibernate Validator 5.2.2.Final
2016-05-14 17:51:19 INFO  SchemaUpdate:182 - HHH000228: Running hbm2ddl schema update
2016-05-14 17:51:19 INFO  SchemaUpdate:193 - HHH000102: Fetching database metadata
2016-05-14 17:51:19 INFO  SchemaUpdate:205 - HHH000396: Updating schema
2016-05-14 17:51:19 INFO  TableMetadata:66 - HHH000261: Table found: public.users
2016-05-14 17:51:19 INFO  TableMetadata:67 - HHH000037: Columns: [password, id, login]
2016-05-14 17:51:19 INFO  TableMetadata:69 - HHH000108: Foreign keys: []
2016-05-14 17:51:19 INFO  TableMetadata:70 - HHH000126: Indexes: [users_login_uindex, users_pkey]
2016-05-14 17:51:19 INFO  TableMetadata:66 - HHH000261: Table found: public.applications
2016-05-14 17:51:19 INFO  TableMetadata:67 - HHH000037: Columns: [summ, name, description, id, customer_id]
2016-05-14 17:51:19 INFO  TableMetadata:69 - HHH000108: Foreign keys: [fk_l47tsj38rr2nge18ujo4mt3b3]
2016-05-14 17:51:19 INFO  TableMetadata:70 - HHH000126: Indexes: [applications_pkey]
2016-05-14 17:51:19 INFO  TableMetadata:66 - HHH000261: Table found: public.cars
2016-05-14 17:51:19 INFO  TableMetadata:67 - HHH000037: Columns: [year, model, run, id, state]
2016-05-14 17:51:19 INFO  TableMetadata:69 - HHH000108: Foreign keys: []
2016-05-14 17:51:19 INFO  TableMetadata:70 - HHH000126: Indexes: [cars_pkey]
2016-05-14 17:51:19 INFO  TableMetadata:66 - HHH000261: Table found: public.customers
2016-05-14 17:51:19 INFO  TableMetadata:67 - HHH000037: Columns: [tel_number, user_id, deals, name, id, lastname]
2016-05-14 17:51:19 INFO  TableMetadata:69 - HHH000108: Foreign keys: [customers_users_fk]
2016-05-14 17:51:19 INFO  TableMetadata:70 - HHH000126: Indexes: [customers_pkey]
2016-05-14 17:51:19 INFO  TableMetadata:66 - HHH000261: Table found: public.docs
2016-05-14 17:51:19 INFO  TableMetadata:67 - HHH000037: Columns: [name, link, id]
2016-05-14 17:51:19 INFO  TableMetadata:69 - HHH000108: Foreign keys: []
2016-05-14 17:51:19 INFO  TableMetadata:70 - HHH000126: Indexes: [docs_pkey]
2016-05-14 17:51:19 INFO  TableMetadata:66 - HHH000261: Table found: public.drivers
2016-05-14 17:51:19 INFO  TableMetadata:67 - HHH000037: Columns: [tel_number, driving_exp, salary_rate, user_id, last_name, id, first_name]
2016-05-14 17:51:19 INFO  TableMetadata:69 - HHH000108: Foreign keys: [drivers_users_fk]
2016-05-14 17:51:19 INFO  TableMetadata:70 - HHH000126: Indexes: [drivers_pkey, drivers_user_id_uindex]
2016-05-14 17:51:19 INFO  TableMetadata:66 - HHH000261: Table found: public.messages
2016-05-14 17:51:19 INFO  TableMetadata:67 - HHH000037: Columns: [name, id, message, email]
2016-05-14 17:51:19 INFO  TableMetadata:69 - HHH000108: Foreign keys: []
2016-05-14 17:51:19 INFO  TableMetadata:70 - HHH000126: Indexes: [messages_pkey]
2016-05-14 17:51:19 INFO  TableMetadata:66 - HHH000261: Table found: public.orders
2016-05-14 17:51:19 INFO  TableMetadata:67 - HHH000037: Columns: [driver_id, cost, description, id, customer_id, car_id, status]
2016-05-14 17:51:19 INFO  TableMetadata:69 - HHH000108: Foreign keys: [drivers___fk, cars___fk, customers___fk]
2016-05-14 17:51:19 INFO  TableMetadata:70 - HHH000126: Indexes: [orders_pkey]
2016-05-14 17:51:19 INFO  TableMetadata:66 - HHH000261: Table found: public.user_role
2016-05-14 17:51:19 INFO  TableMetadata:67 - HHH000037: Columns: [role, user_id, id]
2016-05-14 17:51:19 INFO  TableMetadata:69 - HHH000108: Foreign keys: [user_role_user_fk]
2016-05-14 17:51:19 INFO  TableMetadata:70 - HHH000126: Indexes: [user_role_pkey]
2016-05-14 17:51:19 INFO  SchemaUpdate:242 - HHH000232: Schema update complete
2016-05-14 18:11:51 INFO  MLog:92 - MLog clients using log4j logging.
2016-05-14 18:11:51 INFO  C3P0Registry:216 - Initializing c3p0-0.9.2.1 [built 20-March-2013 10:47:27 +0000; debug? true; trace: 10]
2016-05-14 18:11:52 INFO  LogHelper:46 - HHH000204: Processing PersistenceUnitInfo [
	name: default
	...]
2016-05-14 18:11:52 INFO  Version:54 - HHH000412: Hibernate Core {4.3.0.Final}
2016-05-14 18:11:52 INFO  Environment:239 - HHH000206: hibernate.properties not found
2016-05-14 18:11:52 INFO  Environment:346 - HHH000021: Bytecode provider name : javassist
2016-05-14 18:11:53 INFO  Version:66 - HCANN000001: Hibernate Commons Annotations {4.0.4.Final}
2016-05-14 18:11:53 INFO  AbstractPoolBackedDataSource:522 - Initializing c3p0 pool... com.mchange.v2.c3p0.ComboPooledDataSource [ acquireIncrement -> 3, acquireRetryAttempts -> 30, acquireRetryDelay -> 1000, autoCommitOnClose -> false, automaticTestTable -> null, breakAfterAcquireFailure -> false, checkoutTimeout -> 0, connectionCustomizerClassName -> null, connectionTesterClassName -> com.mchange.v2.c3p0.impl.DefaultConnectionTester, dataSourceName -> 1hge0yu9g1cs94cyzmlm0e|2a454ac7, debugUnreturnedConnectionStackTraces -> false, description -> null, driverClass -> org.postgresql.Driver, factoryClassLocation -> null, forceIgnoreUnresolvedTransactions -> false, identityToken -> 1hge0yu9g1cs94cyzmlm0e|2a454ac7, idleConnectionTestPeriod -> 0, initialPoolSize -> 3, jdbcUrl -> jdbc:postgresql://localhost:5432/transcompany, maxAdministrativeTaskTime -> 0, maxConnectionAge -> 0, maxIdleTime -> 0, maxIdleTimeExcessConnections -> 0, maxPoolSize -> 15, maxStatements -> 0, maxStatementsPerConnection -> 0, minPoolSize -> 3, numHelperThreads -> 3, preferredTestQuery -> null, properties -> {user=******, password=******}, propertyCycle -> 0, statementCacheNumDeferredCloseThreads -> 0, testConnectionOnCheckin -> false, testConnectionOnCheckout -> false, unreturnedConnectionTimeout -> 0, userOverrides -> {}, usesTraditionalReflectiveProxies -> false ]
2016-05-14 18:11:54 INFO  Dialect:145 - HHH000400: Using dialect: org.hibernate.dialect.PostgreSQL9Dialect
2016-05-14 18:11:54 INFO  LobCreatorBuilder:123 - HHH000424: Disabling contextual LOB creation as createClob() method threw error : java.lang.reflect.InvocationTargetException
2016-05-14 18:11:54 INFO  ASTQueryTranslatorFactory:47 - HHH000397: Using ASTQueryTranslatorFactory
2016-05-14 18:11:54 INFO  Version:17 - HV000001: Hibernate Validator 5.2.2.Final
2016-05-14 18:11:56 INFO  SchemaUpdate:182 - HHH000228: Running hbm2ddl schema update
2016-05-14 18:11:56 INFO  SchemaUpdate:193 - HHH000102: Fetching database metadata
2016-05-14 18:11:56 INFO  SchemaUpdate:205 - HHH000396: Updating schema
2016-05-14 18:11:56 INFO  TableMetadata:66 - HHH000261: Table found: public.users
2016-05-14 18:11:56 INFO  TableMetadata:67 - HHH000037: Columns: [password, id, login]
2016-05-14 18:11:56 INFO  TableMetadata:69 - HHH000108: Foreign keys: []
2016-05-14 18:11:56 INFO  TableMetadata:70 - HHH000126: Indexes: [users_login_uindex, users_pkey]
2016-05-14 18:11:56 INFO  TableMetadata:66 - HHH000261: Table found: public.applications
2016-05-14 18:11:56 INFO  TableMetadata:67 - HHH000037: Columns: [summ, name, description, id, customer_id]
2016-05-14 18:11:56 INFO  TableMetadata:69 - HHH000108: Foreign keys: [fk_l47tsj38rr2nge18ujo4mt3b3]
2016-05-14 18:11:56 INFO  TableMetadata:70 - HHH000126: Indexes: [applications_pkey]
2016-05-14 18:11:56 INFO  TableMetadata:66 - HHH000261: Table found: public.cars
2016-05-14 18:11:56 INFO  TableMetadata:67 - HHH000037: Columns: [year, model, run, id, state]
2016-05-14 18:11:56 INFO  TableMetadata:69 - HHH000108: Foreign keys: []
2016-05-14 18:11:56 INFO  TableMetadata:70 - HHH000126: Indexes: [cars_pkey]
2016-05-14 18:11:56 INFO  TableMetadata:66 - HHH000261: Table found: public.customers
2016-05-14 18:11:56 INFO  TableMetadata:67 - HHH000037: Columns: [tel_number, user_id, deals, name, id, lastname]
2016-05-14 18:11:56 INFO  TableMetadata:69 - HHH000108: Foreign keys: [customers_users_fk]
2016-05-14 18:11:56 INFO  TableMetadata:70 - HHH000126: Indexes: [customers_pkey]
2016-05-14 18:11:56 INFO  TableMetadata:66 - HHH000261: Table found: public.docs
2016-05-14 18:11:56 INFO  TableMetadata:67 - HHH000037: Columns: [name, link, id]
2016-05-14 18:11:56 INFO  TableMetadata:69 - HHH000108: Foreign keys: []
2016-05-14 18:11:56 INFO  TableMetadata:70 - HHH000126: Indexes: [docs_pkey]
2016-05-14 18:11:56 INFO  TableMetadata:66 - HHH000261: Table found: public.drivers
2016-05-14 18:11:56 INFO  TableMetadata:67 - HHH000037: Columns: [tel_number, driving_exp, salary_rate, user_id, last_name, id, first_name]
2016-05-14 18:11:56 INFO  TableMetadata:69 - HHH000108: Foreign keys: [drivers_users_fk]
2016-05-14 18:11:56 INFO  TableMetadata:70 - HHH000126: Indexes: [drivers_pkey, drivers_user_id_uindex]
2016-05-14 18:11:56 INFO  TableMetadata:66 - HHH000261: Table found: public.messages
2016-05-14 18:11:56 INFO  TableMetadata:67 - HHH000037: Columns: [name, id, message, email]
2016-05-14 18:11:56 INFO  TableMetadata:69 - HHH000108: Foreign keys: []
2016-05-14 18:11:56 INFO  TableMetadata:70 - HHH000126: Indexes: [messages_pkey]
2016-05-14 18:11:56 INFO  TableMetadata:66 - HHH000261: Table found: public.orders
2016-05-14 18:11:56 INFO  TableMetadata:67 - HHH000037: Columns: [driver_id, cost, description, id, customer_id, car_id, status]
2016-05-14 18:11:56 INFO  TableMetadata:69 - HHH000108: Foreign keys: [drivers___fk, cars___fk, customers___fk]
2016-05-14 18:11:56 INFO  TableMetadata:70 - HHH000126: Indexes: [orders_pkey]
2016-05-14 18:11:56 INFO  TableMetadata:66 - HHH000261: Table found: public.user_role
2016-05-14 18:11:56 INFO  TableMetadata:67 - HHH000037: Columns: [role, user_id, id]
2016-05-14 18:11:56 INFO  TableMetadata:69 - HHH000108: Foreign keys: [user_role_user_fk]
2016-05-14 18:11:56 INFO  TableMetadata:70 - HHH000126: Indexes: [user_role_pkey]
2016-05-14 18:11:56 INFO  SchemaUpdate:242 - HHH000232: Schema update complete
2016-05-14 18:12:48 INFO  MLog:92 - MLog clients using log4j logging.
2016-05-14 18:12:49 INFO  C3P0Registry:216 - Initializing c3p0-0.9.2.1 [built 20-March-2013 10:47:27 +0000; debug? true; trace: 10]
2016-05-14 18:12:49 INFO  LogHelper:46 - HHH000204: Processing PersistenceUnitInfo [
	name: default
	...]
2016-05-14 18:12:49 INFO  Version:54 - HHH000412: Hibernate Core {4.3.0.Final}
2016-05-14 18:12:49 INFO  Environment:239 - HHH000206: hibernate.properties not found
2016-05-14 18:12:49 INFO  Environment:346 - HHH000021: Bytecode provider name : javassist
2016-05-14 18:12:50 INFO  Version:66 - HCANN000001: Hibernate Commons Annotations {4.0.4.Final}
2016-05-14 18:12:50 INFO  AbstractPoolBackedDataSource:522 - Initializing c3p0 pool... com.mchange.v2.c3p0.ComboPooledDataSource [ acquireIncrement -> 3, acquireRetryAttempts -> 30, acquireRetryDelay -> 1000, autoCommitOnClose -> false, automaticTestTable -> null, breakAfterAcquireFailure -> false, checkoutTimeout -> 0, connectionCustomizerClassName -> null, connectionTesterClassName -> com.mchange.v2.c3p0.impl.DefaultConnectionTester, dataSourceName -> 1hge0yu9g1csacfnvw1jaw|37bd53a0, debugUnreturnedConnectionStackTraces -> false, description -> null, driverClass -> org.postgresql.Driver, factoryClassLocation -> null, forceIgnoreUnresolvedTransactions -> false, identityToken -> 1hge0yu9g1csacfnvw1jaw|37bd53a0, idleConnectionTestPeriod -> 0, initialPoolSize -> 3, jdbcUrl -> jdbc:postgresql://localhost:5432/transcompany, maxAdministrativeTaskTime -> 0, maxConnectionAge -> 0, maxIdleTime -> 0, maxIdleTimeExcessConnections -> 0, maxPoolSize -> 15, maxStatements -> 0, maxStatementsPerConnection -> 0, minPoolSize -> 3, numHelperThreads -> 3, preferredTestQuery -> null, properties -> {user=******, password=******}, propertyCycle -> 0, statementCacheNumDeferredCloseThreads -> 0, testConnectionOnCheckin -> false, testConnectionOnCheckout -> false, unreturnedConnectionTimeout -> 0, userOverrides -> {}, usesTraditionalReflectiveProxies -> false ]
2016-05-14 18:12:51 INFO  Dialect:145 - HHH000400: Using dialect: org.hibernate.dialect.PostgreSQL9Dialect
2016-05-14 18:12:51 INFO  LobCreatorBuilder:123 - HHH000424: Disabling contextual LOB creation as createClob() method threw error : java.lang.reflect.InvocationTargetException
2016-05-14 18:12:51 INFO  ASTQueryTranslatorFactory:47 - HHH000397: Using ASTQueryTranslatorFactory
2016-05-14 18:12:52 INFO  Version:17 - HV000001: Hibernate Validator 5.2.2.Final
2016-05-14 18:12:52 INFO  SchemaUpdate:182 - HHH000228: Running hbm2ddl schema update
2016-05-14 18:12:52 INFO  SchemaUpdate:193 - HHH000102: Fetching database metadata
2016-05-14 18:12:52 INFO  SchemaUpdate:205 - HHH000396: Updating schema
2016-05-14 18:12:53 INFO  TableMetadata:66 - HHH000261: Table found: public.users
2016-05-14 18:12:53 INFO  TableMetadata:67 - HHH000037: Columns: [password, id, login]
2016-05-14 18:12:53 INFO  TableMetadata:69 - HHH000108: Foreign keys: []
2016-05-14 18:12:53 INFO  TableMetadata:70 - HHH000126: Indexes: [users_login_uindex, users_pkey]
2016-05-14 18:12:53 INFO  TableMetadata:66 - HHH000261: Table found: public.applications
2016-05-14 18:12:53 INFO  TableMetadata:67 - HHH000037: Columns: [summ, name, description, id, customer_id]
2016-05-14 18:12:53 INFO  TableMetadata:69 - HHH000108: Foreign keys: [fk_l47tsj38rr2nge18ujo4mt3b3]
2016-05-14 18:12:53 INFO  TableMetadata:70 - HHH000126: Indexes: [applications_pkey]
2016-05-14 18:12:53 INFO  TableMetadata:66 - HHH000261: Table found: public.cars
2016-05-14 18:12:53 INFO  TableMetadata:67 - HHH000037: Columns: [year, model, run, id, state]
2016-05-14 18:12:53 INFO  TableMetadata:69 - HHH000108: Foreign keys: []
2016-05-14 18:12:53 INFO  TableMetadata:70 - HHH000126: Indexes: [cars_pkey]
2016-05-14 18:12:53 INFO  TableMetadata:66 - HHH000261: Table found: public.customers
2016-05-14 18:12:53 INFO  TableMetadata:67 - HHH000037: Columns: [tel_number, user_id, deals, name, id, lastname]
2016-05-14 18:12:53 INFO  TableMetadata:69 - HHH000108: Foreign keys: [customers_users_fk]
2016-05-14 18:12:53 INFO  TableMetadata:70 - HHH000126: Indexes: [customers_pkey]
2016-05-14 18:12:53 INFO  TableMetadata:66 - HHH000261: Table found: public.docs
2016-05-14 18:12:53 INFO  TableMetadata:67 - HHH000037: Columns: [name, link, id]
2016-05-14 18:12:53 INFO  TableMetadata:69 - HHH000108: Foreign keys: []
2016-05-14 18:12:53 INFO  TableMetadata:70 - HHH000126: Indexes: [docs_pkey]
2016-05-14 18:12:53 INFO  TableMetadata:66 - HHH000261: Table found: public.drivers
2016-05-14 18:12:53 INFO  TableMetadata:67 - HHH000037: Columns: [tel_number, driving_exp, salary_rate, user_id, last_name, id, first_name]
2016-05-14 18:12:53 INFO  TableMetadata:69 - HHH000108: Foreign keys: [drivers_users_fk]
2016-05-14 18:12:53 INFO  TableMetadata:70 - HHH000126: Indexes: [drivers_pkey, drivers_user_id_uindex]
2016-05-14 18:12:53 INFO  TableMetadata:66 - HHH000261: Table found: public.messages
2016-05-14 18:12:53 INFO  TableMetadata:67 - HHH000037: Columns: [name, id, message, email]
2016-05-14 18:12:53 INFO  TableMetadata:69 - HHH000108: Foreign keys: []
2016-05-14 18:12:53 INFO  TableMetadata:70 - HHH000126: Indexes: [messages_pkey]
2016-05-14 18:12:53 INFO  TableMetadata:66 - HHH000261: Table found: public.orders
2016-05-14 18:12:53 INFO  TableMetadata:67 - HHH000037: Columns: [driver_id, cost, description, id, customer_id, car_id, status]
2016-05-14 18:12:53 INFO  TableMetadata:69 - HHH000108: Foreign keys: [drivers___fk, cars___fk, customers___fk]
2016-05-14 18:12:53 INFO  TableMetadata:70 - HHH000126: Indexes: [orders_pkey]
2016-05-14 18:12:53 INFO  TableMetadata:66 - HHH000261: Table found: public.user_role
2016-05-14 18:12:53 INFO  TableMetadata:67 - HHH000037: Columns: [role, user_id, id]
2016-05-14 18:12:53 INFO  TableMetadata:69 - HHH000108: Foreign keys: [user_role_user_fk]
2016-05-14 18:12:53 INFO  TableMetadata:70 - HHH000126: Indexes: [user_role_pkey]
2016-05-14 18:12:53 INFO  SchemaUpdate:242 - HHH000232: Schema update complete
2016-05-14 18:41:04 INFO  MLog:92 - MLog clients using log4j logging.
2016-05-14 18:41:04 INFO  C3P0Registry:216 - Initializing c3p0-0.9.2.1 [built 20-March-2013 10:47:27 +0000; debug? true; trace: 10]
2016-05-14 18:41:05 INFO  LogHelper:46 - HHH000204: Processing PersistenceUnitInfo [
	name: default
	...]
2016-05-14 18:41:05 INFO  Version:54 - HHH000412: Hibernate Core {4.3.0.Final}
2016-05-14 18:41:05 INFO  Environment:239 - HHH000206: hibernate.properties not found
2016-05-14 18:41:05 INFO  Environment:346 - HHH000021: Bytecode provider name : javassist
2016-05-14 18:41:06 INFO  Version:66 - HCANN000001: Hibernate Commons Annotations {4.0.4.Final}
2016-05-14 18:41:06 INFO  AbstractPoolBackedDataSource:522 - Initializing c3p0 pool... com.mchange.v2.c3p0.ComboPooledDataSource [ acquireIncrement -> 3, acquireRetryAttempts -> 30, acquireRetryDelay -> 1000, autoCommitOnClose -> false, automaticTestTable -> null, breakAfterAcquireFailure -> false, checkoutTimeout -> 0, connectionCustomizerClassName -> null, connectionTesterClassName -> com.mchange.v2.c3p0.impl.DefaultConnectionTester, dataSourceName -> 1hge0yu9g1ctaoxx1dmm9zp|6866981b, debugUnreturnedConnectionStackTraces -> false, description -> null, driverClass -> org.postgresql.Driver, factoryClassLocation -> null, forceIgnoreUnresolvedTransactions -> false, identityToken -> 1hge0yu9g1ctaoxx1dmm9zp|6866981b, idleConnectionTestPeriod -> 0, initialPoolSize -> 3, jdbcUrl -> jdbc:postgresql://localhost:5432/transcompany, maxAdministrativeTaskTime -> 0, maxConnectionAge -> 0, maxIdleTime -> 0, maxIdleTimeExcessConnections -> 0, maxPoolSize -> 15, maxStatements -> 0, maxStatementsPerConnection -> 0, minPoolSize -> 3, numHelperThreads -> 3, preferredTestQuery -> null, properties -> {user=******, password=******}, propertyCycle -> 0, statementCacheNumDeferredCloseThreads -> 0, testConnectionOnCheckin -> false, testConnectionOnCheckout -> false, unreturnedConnectionTimeout -> 0, userOverrides -> {}, usesTraditionalReflectiveProxies -> false ]
2016-05-14 18:41:07 INFO  Dialect:145 - HHH000400: Using dialect: org.hibernate.dialect.PostgreSQL9Dialect
2016-05-14 18:41:07 INFO  LobCreatorBuilder:123 - HHH000424: Disabling contextual LOB creation as createClob() method threw error : java.lang.reflect.InvocationTargetException
2016-05-14 18:41:07 INFO  ASTQueryTranslatorFactory:47 - HHH000397: Using ASTQueryTranslatorFactory
2016-05-14 18:41:08 INFO  Version:17 - HV000001: Hibernate Validator 5.2.2.Final
2016-05-14 18:41:09 INFO  SchemaUpdate:182 - HHH000228: Running hbm2ddl schema update
2016-05-14 18:41:09 INFO  SchemaUpdate:193 - HHH000102: Fetching database metadata
2016-05-14 18:41:09 INFO  SchemaUpdate:205 - HHH000396: Updating schema
2016-05-14 18:41:09 INFO  TableMetadata:66 - HHH000261: Table found: public.users
2016-05-14 18:41:09 INFO  TableMetadata:67 - HHH000037: Columns: [password, id, login]
2016-05-14 18:41:09 INFO  TableMetadata:69 - HHH000108: Foreign keys: []
2016-05-14 18:41:09 INFO  TableMetadata:70 - HHH000126: Indexes: [users_login_uindex, users_pkey]
2016-05-14 18:41:09 INFO  TableMetadata:66 - HHH000261: Table found: public.applications
2016-05-14 18:41:09 INFO  TableMetadata:67 - HHH000037: Columns: [summ, name, description, id, customer_id]
2016-05-14 18:41:09 INFO  TableMetadata:69 - HHH000108: Foreign keys: [fk_l47tsj38rr2nge18ujo4mt3b3]
2016-05-14 18:41:09 INFO  TableMetadata:70 - HHH000126: Indexes: [applications_pkey]
2016-05-14 18:41:09 INFO  TableMetadata:66 - HHH000261: Table found: public.cars
2016-05-14 18:41:09 INFO  TableMetadata:67 - HHH000037: Columns: [year, model, run, id, state]
2016-05-14 18:41:09 INFO  TableMetadata:69 - HHH000108: Foreign keys: []
2016-05-14 18:41:09 INFO  TableMetadata:70 - HHH000126: Indexes: [cars_pkey]
2016-05-14 18:41:09 INFO  TableMetadata:66 - HHH000261: Table found: public.customers
2016-05-14 18:41:09 INFO  TableMetadata:67 - HHH000037: Columns: [tel_number, user_id, deals, name, id, lastname]
2016-05-14 18:41:09 INFO  TableMetadata:69 - HHH000108: Foreign keys: [customers_users_fk]
2016-05-14 18:41:09 INFO  TableMetadata:70 - HHH000126: Indexes: [customers_pkey]
2016-05-14 18:41:09 INFO  TableMetadata:66 - HHH000261: Table found: public.docs
2016-05-14 18:41:09 INFO  TableMetadata:67 - HHH000037: Columns: [name, link, id]
2016-05-14 18:41:09 INFO  TableMetadata:69 - HHH000108: Foreign keys: []
2016-05-14 18:41:09 INFO  TableMetadata:70 - HHH000126: Indexes: [docs_pkey]
2016-05-14 18:41:09 INFO  TableMetadata:66 - HHH000261: Table found: public.drivers
2016-05-14 18:41:09 INFO  TableMetadata:67 - HHH000037: Columns: [tel_number, driving_exp, salary_rate, user_id, last_name, id, first_name]
2016-05-14 18:41:09 INFO  TableMetadata:69 - HHH000108: Foreign keys: [drivers_users_fk]
2016-05-14 18:41:09 INFO  TableMetadata:70 - HHH000126: Indexes: [drivers_pkey, drivers_user_id_uindex]
2016-05-14 18:41:10 INFO  TableMetadata:66 - HHH000261: Table found: public.messages
2016-05-14 18:41:10 INFO  TableMetadata:67 - HHH000037: Columns: [name, id, message, email]
2016-05-14 18:41:10 INFO  TableMetadata:69 - HHH000108: Foreign keys: []
2016-05-14 18:41:10 INFO  TableMetadata:70 - HHH000126: Indexes: [messages_pkey]
2016-05-14 18:41:10 INFO  TableMetadata:66 - HHH000261: Table found: public.orders
2016-05-14 18:41:10 INFO  TableMetadata:67 - HHH000037: Columns: [driver_id, cost, description, id, customer_id, car_id, status]
2016-05-14 18:41:10 INFO  TableMetadata:69 - HHH000108: Foreign keys: [drivers___fk, cars___fk, customers___fk]
2016-05-14 18:41:10 INFO  TableMetadata:70 - HHH000126: Indexes: [orders_pkey]
2016-05-14 18:41:10 INFO  TableMetadata:66 - HHH000261: Table found: public.user_role
2016-05-14 18:41:10 INFO  TableMetadata:67 - HHH000037: Columns: [role, user_id, id]
2016-05-14 18:41:10 INFO  TableMetadata:69 - HHH000108: Foreign keys: [user_role_user_fk]
2016-05-14 18:41:10 INFO  TableMetadata:70 - HHH000126: Indexes: [user_role_pkey]
2016-05-14 18:41:10 INFO  SchemaUpdate:242 - HHH000232: Schema update complete
